
 Welcome to the MEDSLIK run module

 The spill simulated has the following parameters:
 Date:           22/ 8/2021  hour: 0343
 Location:  lat   35.2500,    lon  35.9000
 Grid coords: x   18.5992,      y  18.5000
 Spill duration:      0. hours
 Length of run:   24 hours
 Total volume:      27.78 tons
 Horiz diffusion distance:      73.48469
  
 Grid details in selected region
 Dimensions:    29   37
 Longitude limits: 35.16670 36.33337
 Latitude limits:  34.52080 36.02087
  
 Land/water mask:
00000000000000000000000000000
11111111111111111110000000000
11111111111111111100000000000
11111111111111111100000000000
11111111111111111000000000000
11111111111111110000000000000
11111111111111111000000000000
11111111111111110000000000000
11111111111111110000000000000
11111111111111100000000000000
11111111111111100000000000000
11111111111111000000000000000
11111111111111100000000000000
11111111111111111000000000000
11111111111111111100000000000
11111111111111111100000000000
11111111111111111110000000000
11111111111111111110000000000
11111111111111111110000000000
11111111111111111110000000000
11111111111111111110000000000
11111111111111111100000000000
11111111111111111100000000000
11111111111111111100000000000
11111111111111111100000000000
11111111111111111100000000000
11111111111111111100000000000
11111111111111111000000000000
11111111111111111100000000000
11111111111111111100000000000
11111111111111111110000000000
11111111111111111110000000000
11111111111111111110000000000
11111111111111111111000000000
11111111111111111111000000000
11111111111111111111000000000
11111111111111111111000000000
  
 Bathymetry in selected region
    0    0    0    0    0    0    0    0    0    0    0    0    0    0    0    0    0    0    0    0    0    0    0    0    0    0    0    0    0
 1074 1015  969  947  913  834  729  586  480  577  677  725  525  269  180  176  256  269  193    0    0    0    0    0    0    0    0    0    0
 1152 1080 1036 1032 1069  975  854  776  773  871 1041 1097  866  547  424  399  334  232    0    0    0    0    0    0    0    0    0    0    0
 1179 1143 1095 1026 1059 1034  940  833  887 1030 1204 1324 1220 1004  708  363  153   43    0    0    0    0    0    0    0    0    0    0    0
 1223 1215 1173 1086 1184 1185 1118 1053 1070 1162 1280 1376 1373 1265  872  177    7    0    0    0    0    0    0    0    0    0    0    0    0
 1231 1242 1252 1224 1256 1261 1220 1228 1312 1333 1345 1315 1313 1319 1206  309    0    0    0    0    0    0    0    0    0    0    0    0    0
 1248 1252 1268 1260 1282 1260 1239 1312 1357 1358 1353 1295 1304 1300 1131  440   25    0    0    0    0    0    0    0    0    0    0    0    0
 1237 1247 1247 1267 1262 1303 1327 1347 1361 1356 1343 1274 1295 1276  831  301    0    0    0    0    0    0    0    0    0    0    0    0    0
 1223 1242 1250 1272 1277 1286 1317 1360 1380 1350 1315 1294 1242  973  322   11    0    0    0    0    0    0    0    0    0    0    0    0    0
 1231 1234 1242 1236 1263 1319 1328 1374 1406 1389 1339 1215 1090  710  363    0    0    0    0    0    0    0    0    0    0    0    0    0    0
 1212 1230 1238 1253 1276 1317 1363 1389 1439 1452 1447 1091  617  290   76    0    0    0    0    0    0    0    0    0    0    0    0    0    0
 1189 1204 1233 1243 1274 1311 1377 1419 1447 1454 1450 1426  755   32    0    0    0    0    0    0    0    0    0    0    0    0    0    0    0
 1157 1180 1212 1228 1272 1307 1374 1408 1446 1454 1457 1366  490   57   13    0    0    0    0    0    0    0    0    0    0    0    0    0    0
 1120 1133 1163 1215 1241 1289 1349 1356 1429 1453 1452 1180  316  179   81   16    4    0    0    0    0    0    0    0    0    0    0    0    0
 1069 1104 1119 1164 1208 1214 1254 1261 1380 1420 1420 1049  385  338  143  113   49   11    0    0    0    0    0    0    0    0    0    0    0
 1038 1044 1119 1177 1121 1107 1119 1139 1169 1228 1336  783  422  284  340  334  201  124    0    0    0    0    0    0    0    0    0    0    0
  962  974 1053 1066 1050 1038 1048 1077 1103 1128 1060  688  478  477  603  489  312  160   11    0    0    0    0    0    0    0    0    0    0
  931  980  974  969  969 1020 1034 1031 1051 1121 1012  725  506  745  747  547  343  120    3    0    0    0    0    0    0    0    0    0    0
  925  948  962  974  964  959 1015 1036 1101 1245 1051  691  685  938  745  520  340  152    6    0    0    0    0    0    0    0    0    0    0
  969  999  986 1002  950  996 1040 1102 1174 1178  982  824  985 1037  785  655  648  327   44    0    0    0    0    0    0    0    0    0    0
 1001 1114 1082 1020 1058 1085 1098 1236 1148 1000  912  891 1224 1104  960  736  383  318   25    0    0    0    0    0    0    0    0    0    0
 1244 1245 1311 1364 1266 1278 1337 1220 1022  916  936 1190 1311 1255 1115 1034  487  416    0    0    0    0    0    0    0    0    0    0    0
 1415 1384 1307 1475 1488 1423 1255 1140  997  961 1054 1410 1338 1220  876  927  442   98    0    0    0    0    0    0    0    0    0    0    0
 1388 1389 1405 1478 1515 1319 1364 1148 1062 1091 1417 1465 1348 1064  757  451  251   65    0    0    0    0    0    0    0    0    0    0    0
 1420 1448 1458 1546 1502 1507 1400 1157 1108 1305 1503 1499 1320 1171 1048  970  428   96    0    0    0    0    0    0    0    0    0    0    0
 1452 1459 1549 1540 1551 1501 1392 1183 1213 1473 1550 1540 1462 1402 1153  501  124    1    0    0    0    0    0    0    0    0    0    0    0
 1451 1507 1546 1546 1356 1381 1169 1249 1438 1595 1601 1568 1512 1179 1042  448   16    2    0    0    0    0    0    0    0    0    0    0    0
 1547 1578 1555 1516 1316 1259 1236 1425 1651 1658 1642 1577 1385 1167  689  378   25    0    0    0    0    0    0    0    0    0    0    0    0
 1607 1506 1546 1580 1380 1340 1450 1703 1698 1679 1673 1611 1508 1209  677  336   16    8    0    0    0    0    0    0    0    0    0    0    0
 1598 1624 1642 1506 1441 1598 1742 1762 1736 1695 1683 1588 1531 1240  765  333   36    4    0    0    0    0    0    0    0    0    0    0    0
 1591 1647 1344 1536 1723 1748 1769 1797 1761 1717 1693 1557 1409  870  545  313  102   29   23    0    0    0    0    0    0    0    0    0    0
 1573 1539 1697 1724 1737 1776 1805 1791 1757 1768 1675 1443 1098  713  478  279  170   24   33    0    0    0    0    0    0    0    0    0    0
 1701 1716 1703 1725 1745 1776 1774 1773 1788 1752 1680 1397  944  629  383  205  145   41    5    0    0    0    0    0    0    0    0    0    0
 1734 1701 1749 1790 1788 1782 1789 1786 1777 1756 1716 1490 1152  478  267  192  114   26    8    4    0    0    0    0    0    0    0    0    0
 1735 1770 1769 1815 1805 1786 1787 1791 1770 1748 1664 1448 1136  713  380  188   85   73   22   19    0    0    0    0    0    0    0    0    0
 1816 1763 1794 1813 1810 1794 1776 1774 1768 1747 1580 1342 1088  767  471  231   35   62   64   37    0    0    0    0    0    0    0    0    0
 1843 1847 1826 1815 1801 1790 1782 1760 1754 1719 1432 1086  818  495  224  163   79   46   25    4    0    0    0    0    0    0    0    0    0
 Random seed =       463321
 Total bbls released =    196.76944519856207     
 Total no of parcels =        20000
 Bbls per parcel     =    9.8384722599281042E-003
 No of minispills    =            1
 Parcels per m_spill =        20000
  
 initial mini-slick radii =    22.291322899896986        49.844913312567400     
  
 Initial minispill properties:
   0.0000000000000000     
   2.0000000000000000E-002   1561.0670550790314        31.221341101580631     
   1.0000000000000001E-005   6244.2682203161257        6.2442682203161265E-002
   4.0080000000000003E-003   7805.3352753951567        31.283783783783793     
   0.0000000000000000        0.0000000000000000        0.0000000000000000     
   2.0000000000000000E-002   1561.0670550790314        31.221341101580631     
   0.0000000000000000        0.0000000000000000        0.0000000000000000     
   0.0000000000000000        0.0000000000000000     
  
 Frcst files and file times from 0 hrs on spill day
           3    merc21082203.mrc   2.5000000000000000     
           4    merc21082204.mrc   3.5000000000000000     
           5    merc21082205.mrc   4.5000000000000000     
           6    merc21082206.mrc   5.5000000000000000     
           7    merc21082207.mrc   6.5000000000000000     
           8    merc21082208.mrc   7.5000000000000000     
           9    merc21082209.mrc   8.5000000000000000     
          10    merc21082210.mrc   9.5000000000000000     
          11    merc21082211.mrc   10.500000000000000     
          12    merc21082212.mrc   11.500000000000000     
          13    merc21082213.mrc   12.500000000000000     
          14    merc21082214.mrc   13.500000000000000     
          15    merc21082215.mrc   14.500000000000000     
          16    merc21082216.mrc   15.500000000000000     
          17    merc21082217.mrc   16.500000000000000     
          18    merc21082218.mrc   17.500000000000000     
          19    merc21082219.mrc   18.500000000000000     
          20    merc21082220.mrc   19.500000000000000     
          21    merc21082221.mrc   20.500000000000000     
          22    merc21082222.mrc   21.500000000000000     
          23    merc21082223.mrc   22.500000000000000     
          24    merc21082224.mrc   23.500000000000000     
          25    merc21082301.mrc   24.500000000000000     
          26    merc21082302.mrc   25.500000000000000     
          27    merc21082303.mrc   26.500000000000000     
          28    merc21082304.mrc   27.500000000000000     
          29    merc21082305.mrc   28.500000000000000     
          30    merc21082306.mrc   29.500000000000000     
          31    merc21082307.mrc   30.500000000000000     
          32    merc21082308.mrc   31.500000000000000     
          33    merc21082309.mrc   32.500000000000000     
          34    merc21082310.mrc   33.500000000000000     
          35    merc21082311.mrc   34.500000000000000     
          36    merc21082312.mrc   35.500000000000000     
          37    merc21082313.mrc   36.500000000000000     
          38    merc21082314.mrc   37.500000000000000     
          39    merc21082315.mrc   38.500000000000000     
          40    merc21082316.mrc   39.500000000000000     
          41    merc21082317.mrc   40.500000000000000     
          42    merc21082318.mrc   41.500000000000000     
          43    merc21082319.mrc   42.500000000000000     
          44    merc21082320.mrc   43.500000000000000     
          45    merc21082321.mrc   44.500000000000000     
          46    merc21082322.mrc   45.500000000000000     
          47    merc21082323.mrc   46.500000000000000     
          48    merc21082324.mrc   47.500000000000000     
  
 Forecast current directory = TEMP//////OCE/
 Reading forecast currents from file merc21082203.mrc
  
 Reading forecast currents from file merc21082204.mrc
  
  
 Wind forecast files and times of wind records:
erai210822.eri      0.    1.    2.    3.    4.    5.    6.    7.    8.    9.   10.   11.   12.   13.   14.   15.   16.   17.   18.   19.   20.   21.   22.   23.
erai210823.eri     24.   25.   26.   27.   28.   29.   30.   31.   32.   33.   34.   35.   36.   37.   38.   39.   40.   41.   42.   43.   44.   45.   46.   47.
   3.7791666666666668        3.0000000000000000     
 Reading wind from file erai210822.eri, record            4
 Reading wind from file erai210822.eri, record            5
 No of coastal segments =            0

 Release of parcels:
 Time hrs =   0.12500000000000000     
     Minispill no.            1
     Parcels            1  to        20000
 Reading forecast currents from file merc21082205.mrc
  
   4.0291666666666668        4.0000000000000000     
 Reading wind from file erai210822.eri, record            5
 Reading wind from file erai210822.eri, record            6
 Reading forecast currents from file merc21082206.mrc
  
   5.0291666666666668        5.0000000000000000     
 Reading wind from file erai210822.eri, record            6
 Reading wind from file erai210822.eri, record            7
 Reading forecast currents from file merc21082207.mrc
  
   6.0291666666666668        6.0000000000000000     
 Reading wind from file erai210822.eri, record            7
 Reading wind from file erai210822.eri, record            8
 Reading forecast currents from file merc21082208.mrc
  
   7.0291666666666668        7.0000000000000000     
 Reading wind from file erai210822.eri, record            8
 Reading wind from file erai210822.eri, record            9
 Reading forecast currents from file merc21082209.mrc
  
   8.0291666666666668        8.0000000000000000     
 Reading wind from file erai210822.eri, record            9
 Reading wind from file erai210822.eri, record           10
 Reading forecast currents from file merc21082210.mrc
  
   9.0291666666666668        9.0000000000000000     
 Reading wind from file erai210822.eri, record           10
 Reading wind from file erai210822.eri, record           11
 Reading forecast currents from file merc21082211.mrc
  
   10.029166666666667        10.000000000000000     
 Reading wind from file erai210822.eri, record           11
 Reading wind from file erai210822.eri, record           12
 Reading forecast currents from file merc21082212.mrc
  
   11.029166666666667        11.000000000000000     
 Reading wind from file erai210822.eri, record           12
 Reading wind from file erai210822.eri, record           13
 Reading forecast currents from file merc21082213.mrc
  
   12.029166666666667        12.000000000000000     
 Reading wind from file erai210822.eri, record           13
 Reading wind from file erai210822.eri, record           14
 Reading forecast currents from file merc21082214.mrc
  
   13.029166666666667        13.000000000000000     
 Reading wind from file erai210822.eri, record           14
 Reading wind from file erai210822.eri, record           15
 Reading forecast currents from file merc21082215.mrc
  
   14.029166666666667        14.000000000000000     
 Reading wind from file erai210822.eri, record           15
 Reading wind from file erai210822.eri, record           16
 Reading forecast currents from file merc21082216.mrc
  
   15.029166666666667        15.000000000000000     
 Reading wind from file erai210822.eri, record           16
 Reading wind from file erai210822.eri, record           17
 Reading forecast currents from file merc21082217.mrc
  
   16.029166666666669        16.000000000000000     
 Reading wind from file erai210822.eri, record           17
 Reading wind from file erai210822.eri, record           18
 Reading forecast currents from file merc21082218.mrc
  
   17.029166666666669        17.000000000000000     
 Reading wind from file erai210822.eri, record           18
 Reading wind from file erai210822.eri, record           19
 Reading forecast currents from file merc21082219.mrc
  
   18.029166666666669        18.000000000000000     
 Reading wind from file erai210822.eri, record           19
 Reading wind from file erai210822.eri, record           20
 Reading forecast currents from file merc21082220.mrc
  
   19.029166666666669        19.000000000000000     
 Reading wind from file erai210822.eri, record           20
 Reading wind from file erai210822.eri, record           21
 Reading forecast currents from file merc21082221.mrc
  
   20.029166666666669        20.000000000000000     
 Reading wind from file erai210822.eri, record           21
 Reading wind from file erai210822.eri, record           22
 Reading forecast currents from file merc21082222.mrc
  
   21.029166666666669        21.000000000000000     
 Reading wind from file erai210822.eri, record           22
 Reading wind from file erai210822.eri, record           23
 Reading forecast currents from file merc21082223.mrc
  
   22.029166666666669        22.000000000000000     
 Reading wind from file erai210822.eri, record           23
 Reading wind from file erai210822.eri, record           24
 Reading forecast currents from file merc21082224.mrc
  
   23.029166666666669        23.000000000000000     
 Reading wind from file erai210822.eri, record           24
 Reading wind from file erai210823.eri, record            1
 Reading forecast currents from file merc21082301.mrc
  
   24.029166666666669        24.000000000000000     
 Reading wind from file erai210823.eri, record            1
 Reading wind from file erai210823.eri, record            2
 Reading forecast currents from file merc21082302.mrc
  
   25.029166666666669        25.000000000000000     
 Reading wind from file erai210823.eri, record            2
 Reading wind from file erai210823.eri, record            3
 Reading forecast currents from file merc21082303.mrc
  
   26.029166666666669        26.000000000000000     
 Reading wind from file erai210823.eri, record            3
 Reading wind from file erai210823.eri, record            4
 Reading forecast currents from file merc21082304.mrc
  
   27.029166666666669        27.000000000000000     
 Reading wind from file erai210823.eri, record            4
 Reading wind from file erai210823.eri, record            5
 Reading forecast currents from file merc21082305.mrc
  
